<?xml version="1.0" encoding="utf-8"?><testsuites name="pytest tests"><testsuite name="pytest" errors="0" failures="2" skipped="0" tests="41" time="4.602" timestamp="2026-08-28T13:44:15.911653+00:00" hostname="agent-env-ecb5bc98-a989-473d-a347-265d0c113d47"><testcase classname="tests.test_dashboard_overhaul.TestFunnel" name="test_monotonic_non_increasing" time="0.341" /><testcase classname="tests.test_dashboard_overhaul.TestFunnel" name="test_side_stats_and_meta" time="0.000" /><testcase classname="tests.test_dashboard_overhaul.TestFunnel" name="test_stage_filter_count_matches_funnel[detected]" time="0.144" /><testcase classname="tests.test_dashboard_overhaul.TestCases" name="test_titles_human_readable" time="0.672" /><testcase classname="tests.test_dashboard_overhaul.TestFunnel" name="test_stage_filter_count_matches_funnel[eligible]" time="0.138" /><testcase classname="tests.test_dashboard_overhaul.TestFunnel" name="test_stage_filter_count_matches_funnel[evaluated]" time="0.130" /><testcase classname="tests.test_dashboard_overhaul.TestFunnel" name="test_stage_filter_count_matches_funnel[policy_decided]" time="0.135" /><testcase classname="tests.test_dashboard_overhaul.TestCases" name="test_source_filter" time="0.384" /><testcase classname="tests.test_dashboard_overhaul.TestFunnel" name="test_stage_filter_count_matches_funnel[ready]" time="0.125" /><testcase classname="tests.test_dashboard_overhaul.TestFunnel" name="test_stage_filter_count_matches_funnel[executed]" time="0.122" /><testcase classname="tests.test_dashboard_overhaul.TestCases" name="test_source_filter_empty_state" time="0.079" /><testcase classname="tests.test_dashboard_overhaul.TestCases" name="test_sorting[newest]" time="0.133" /><testcase classname="tests.test_dashboard_overhaul.TestFunnel" name="test_stage_filter_count_matches_funnel[verifying]" time="0.153" /><testcase classname="tests.test_dashboard_overhaul.TestCases" name="test_sorting[oldest]" time="0.108" /><testcase classname="tests.test_dashboard_overhaul.TestFunnel" name="test_stage_filter_count_matches_funnel[recovered]" time="0.074" /><testcase classname="tests.test_dashboard_overhaul.TestFunnel" name="test_recovered_stage_all_verified" time="0.073" /><testcase classname="tests.test_dashboard_overhaul.TestCases" name="test_sorting[amount_desc]" time="0.110" /><testcase classname="tests.test_dashboard_overhaul.TestFunnel" name="test_side_stage_filters[stopped-STOPPED]" time="0.069" /><testcase classname="tests.test_dashboard_overhaul.TestCases" name="test_sorting[amount_asc]" time="0.109" /><testcase classname="tests.test_dashboard_overhaul.TestFunnel" name="test_side_stage_filters[invalid-INVALID]" time="0.080" /><testcase classname="tests.test_dashboard_overhaul.TestFunnel" name="test_blocked_stage_filter" time="0.074" /><testcase classname="tests.test_dashboard_overhaul.TestCases" name="test_search_by_order_key" time="0.173" /><testcase classname="tests.test_dashboard_overhaul.TestFunnel" name="test_at_risk_stage_matches_kpi" time="0.109" /><testcase classname="tests.test_dashboard_overhaul.TestCases" name="test_policy_and_status_filters" time="0.166" /><testcase classname="tests.test_dashboard_overhaul.TestCharts" name="test_timeseries_per_currency_strict" time="0.076" /><testcase classname="tests.test_dashboard_overhaul.TestCharts" name="test_days_param_controls_length" time="0.252" /><testcase classname="tests.test_dashboard_overhaul.TestKpis" name="test_money_maps_are_per_currency" time="0.000" /><testcase classname="tests.test_dashboard_overhaul.TestKpis" name="test_net_equals_gross_minus_costs" time="0.000" /><testcase classname="tests.test_dashboard_overhaul.TestKpis" name="test_recovery_rate_formula" time="0.000" /><testcase classname="tests.test_dashboard_overhaul.TestKpis" name="test_at_risk_sum_matches_cases" time="0.131" /><testcase classname="tests.test_dashboard_overhaul.TestKpis" name="test_exceptions_open_matches_review_queue" time="0.099" /><testcase classname="tests.test_dashboard_overhaul.TestCharts" name="test_failure_reasons_humanized" time="0.000" /><testcase classname="tests.test_dashboard_overhaul.TestCharts" name="test_sources_taxonomy" time="0.000" /><testcase classname="tests.test_dashboard_overhaul.TestCharts" name="test_cases_by_status_totals_detected" time="0.000" /><testcase classname="tests.test_dashboard_overhaul.TestCharts" name="test_recovery_by_action_currency_separated" time="0.000" /><testcase classname="tests.test_dashboard_overhaul.TestCharts" name="test_attributed_action_filter" time="0.062" /><testcase classname="tests.test_dashboard_overhaul.TestCharts" name="test_policy_activity_from_audit_trail" time="0.000" /><testcase classname="tests.test_dashboard_overhaul.TestConfidence" name="test_no_fake_confidence_on_heuristic_cases" time="1.735"><failure message="AssertionError: ('case_2d2224c79ecf', 0.5)&#10;assert 0.5 is None&#10; +  where 0.5 = &lt;built-in method get of dict object at 0xf8e119b67cc0&gt;('confidence')&#10; +    where &lt;built-in method get of dict object at 0xf8e119b67cc0&gt; = {'case_id': 'case_2d2224c79ecf', 'order_key': 'ORD-89033-11', 'order_id': 'ORD-89033-11', 'invoice_id': None, ...}.get">self = &lt;test_dashboard_overhaul.TestConfidence object at 0xf8e11a770550&gt;
client = &lt;requests.sessions.Session object at 0xf8e11a683a90&gt;

    def test_no_fake_confidence_on_heuristic_cases(self, client):
        r = client.get(f"{BASE_URL}/api/cases", params={"limit": 200}, timeout=120)
        cases = r.json()["cases"]
        heuristic, llm, checked = 0, 0, 0
        for c in cases[:40]:
            d = client.get(f"{BASE_URL}/api/cases/{c['case_id']}", timeout=60).json()["case"]
            if not d.get("model_version"):
                continue
            checked += 1
            if "heuristic" in d["model_version"]:
                heuristic += 1
&gt;               assert d.get("confidence") is None, (d["case_id"], d.get("confidence"))
E               AssertionError: ('case_2d2224c79ecf', 0.5)
E               assert 0.5 is None
E                +  where 0.5 = &lt;built-in method get of dict object at 0xf8e119b67cc0&gt;('confidence')
E                +    where &lt;built-in method get of dict object at 0xf8e119b67cc0&gt; = {'case_id': 'case_2d2224c79ecf', 'order_key': 'ORD-89033-11', 'order_id': 'ORD-89033-11', 'invoice_id': None, ...}.get

tests/test_dashboard_overhaul.py:286: AssertionError</failure></testcase><testcase classname="tests.test_dashboard_overhaul.TestCostLedger" name="test_ledger_matches_kpi_costs" time="0.107" /><testcase classname="tests.test_dashboard_overhaul.TestCostLedger" name="test_ledger_requires_auth" time="0.172" /><testcase classname="tests.test_dashboard_overhaul.TestConfidence" name="test_review_queue_no_bare_50pct" time="0.076"><failure message="AssertionError: assert 0.5 is None&#10; +  where 0.5 = &lt;built-in method get of dict object at 0xf8e119bc3180&gt;('confidence')&#10; +    where &lt;built-in method get of dict object at 0xf8e119bc3180&gt; = {'case_id': 'case_2d2224c79ecf', 'order_key': 'ORD-89033-11', 'order_id': 'ORD-89033-11', 'invoice_id': None, ...}.get">self = &lt;test_dashboard_overhaul.TestConfidence object at 0xf8e11a770f10&gt;
client = &lt;requests.sessions.Session object at 0xf8e11a683a90&gt;

    def test_review_queue_no_bare_50pct(self, client):
        r = client.get(f"{BASE_URL}/api/review/queue", timeout=120)
        assert r.status_code == 200
        for c in r.json()["approval_pending"]:
            if c.get("model_version") and "heuristic" in c["model_version"]:
&gt;               assert c.get("confidence") is None
E               AssertionError: assert 0.5 is None
E                +  where 0.5 = &lt;built-in method get of dict object at 0xf8e119bc3180&gt;('confidence')
E                +    where &lt;built-in method get of dict object at 0xf8e119bc3180&gt; = {'case_id': 'case_2d2224c79ecf', 'order_key': 'ORD-89033-11', 'order_id': 'ORD-89033-11', 'invoice_id': None, ...}.get

tests/test_dashboard_overhaul.py:299: AssertionError</failure></testcase></testsuite></testsuites>