<?xml version="1.0" encoding="utf-8"?><testsuites name="pytest tests"><testsuite name="pytest" errors="0" failures="0" skipped="0" tests="47" time="138.371" timestamp="2026-08-29T08:48:38.895424+00:00" hostname="agent-env-ecb5bc98-a989-473d-a347-265d0c113d47"><testcase classname="tests.test_phase1_public_review.TestWebhookSecurity" name="test_valid_signed_failed_payment_creates_case" time="9.563" /><testcase classname="tests.test_phase1_public_review.TestWebhookSecurity" name="test_duplicate_event_id_no_double_case" time="7.543" /><testcase classname="tests.test_phase1_public_review.TestWebhookSecurity" name="test_forged_signature_rejected_and_logged" time="0.107" /><testcase classname="tests.test_phase1_public_review.TestWebhookSecurity" name="test_missing_signature_header_rejected" time="0.099" /><testcase classname="tests.test_phase1_public_review.TestWebhookSecurity" name="test_malformed_json_valid_signature_400" time="0.120" /><testcase classname="tests.test_phase1_public_review.TestWebhookSecurity" name="test_unknown_event_type_ignored" time="0.105" /><testcase classname="tests.test_phase1_public_review.TestWebhookSecurity" name="test_out_of_order_captured_before_authorized" time="0.223" /><testcase classname="tests.test_phase1_public_review.TestWebhookSecurity" name="test_order_paid_natural_recovery_not_attributed" time="8.325" /><testcase classname="tests.test_phase1_public_review.TestWebhookSecurity" name="test_oversized_payload_rejected" time="0.201" /><testcase classname="tests.test_phase1_public_review.TestAttribution" name="test_no_action_late_capture_is_natural" time="7.943" /><testcase classname="tests.test_phase1_public_review.TestAttribution" name="test_executed_action_then_capture_is_verified_moderate" time="8.203" /><testcase classname="tests.test_phase1_public_review.TestAttribution" name="test_partial_capture_after_action_partially_recovered" time="7.606" /><testcase classname="tests.test_phase1_public_review.TestAttribution" name="test_monitoring_action_never_earns_attribution" time="8.638" /><testcase classname="tests.test_phase1_public_review.TestAttribution" name="test_escalate_human_never_earns_attribution" time="8.094" /><testcase classname="tests.test_phase1_public_review.TestIntegrationsApi" name="test_list_masks_secrets" time="0.100" /><testcase classname="tests.test_phase1_public_review.TestIntegrationsApi" name="test_health_counts_match_mongo" time="0.104" /><testcase classname="tests.test_phase1_public_review.TestIntegrationsApi" name="test_live_key_rejected" time="0.091" /><testcase classname="tests.test_phase1_public_review.TestIntegrationsApi" name="test_live_mode_rejected" time="0.108" /><testcase classname="tests.test_phase1_public_review.TestIntegrationsApi" name="test_missing_fields_rejected" time="0.096" /><testcase classname="tests.test_phase1_public_review.TestIntegrationsApi" name="test_save_valid_test_config_and_persist" time="0.099" /><testcase classname="tests.test_phase1_public_review.TestIntegrationsApi" name="test_test_connection_honest_error_with_dummy_keys" time="0.886" /><testcase classname="tests.test_phase1_public_review.TestIntegrationsApi" name="test_unauthenticated_blocked" time="0.102" /><testcase classname="tests.test_phase1_public_review.TestIntegrationsApi" name="test_analyst_forbidden_on_owner_endpoints" time="0.318" /><testcase classname="tests.test_phase1_public_review.TestIntegrationsApi" name="test_provider_events_endpoint" time="0.108" /><testcase classname="tests.test_phase1_public_review.TestIntegrationsApi" name="test_verification_sweep_does_not_claim_recovery" time="0.857" /><testcase classname="tests.test_phase1_public_review.TestTestLab" name="test_lab_scenario[valid-payment-failed]" time="9.204" /><testcase classname="tests.test_phase1_public_review.TestTestLab" name="test_lab_scenario[valid-payment-captured]" time="0.140" /><testcase classname="tests.test_phase1_public_review.TestTestLab" name="test_lab_scenario[valid-order-paid]" time="10.044" /><testcase classname="tests.test_phase1_public_review.TestTestLab" name="test_lab_scenario[duplicate-event]" time="7.723" /><testcase classname="tests.test_phase1_public_review.TestTestLab" name="test_lab_scenario[invalid-signature]" time="0.184" /><testcase classname="tests.test_phase1_public_review.TestTestLab" name="test_lab_scenario[out-of-order]" time="0.109" /><testcase classname="tests.test_phase1_public_review.TestTestLab" name="test_lab_scenario[late-success]" time="7.963" /><testcase classname="tests.test_phase1_public_review.TestTestLab" name="test_lab_scenario[replacement-payment]" time="7.668" /><testcase classname="tests.test_phase1_public_review.TestTestLab" name="test_lab_scenario[partial-payment]" time="7.260" /><testcase classname="tests.test_phase1_public_review.TestTestLab" name="test_lab_scenario[unknown-event]" time="0.126" /><testcase classname="tests.test_phase1_public_review.TestTestLab" name="test_lab_scenario[malformed-payload]" time="0.113" /><testcase classname="tests.test_phase1_public_review.TestTestLab" name="test_lab_scenario[replayed-old-event]" time="0.134" /><testcase classname="tests.test_phase1_public_review.TestTestLab" name="test_unknown_scenario_404" time="0.115" /><testcase classname="tests.test_phase1_public_review.TestLifecycle" name="test_disconnect_makes_webhook_503_then_reconfigure" time="9.020" /><testcase classname="tests.test_phase1_public_review.TestDashboardSources" name="test_source_summary_includes_test_mode" time="0.188" /><testcase classname="tests.test_phase1_public_review.TestDashboardSources" name="test_case_source_filter[TEST_MODE]" time="0.115" /><testcase classname="tests.test_phase1_public_review.TestDashboardSources" name="test_case_source_filter[SIMULATED]" time="0.174" /><testcase classname="tests.test_phase1_public_review.TestDashboardSources" name="test_case_source_filter[IMPORTED]" time="0.165" /><testcase classname="tests.test_phase1_public_review.TestDashboardSources" name="test_test_mode_case_detail_has_provider_lineage" time="0.246" /><testcase classname="tests.test_phase1_public_review.TestRegressionSanity" name="test_review_queue" time="0.120" /><testcase classname="tests.test_phase1_public_review.TestRegressionSanity" name="test_simulator_scenario" time="7.629" /><testcase classname="tests.test_phase1_public_review.TestRegressionSanity" name="test_webhook_config_exposes_no_secret" time="0.153" /></testsuite></testsuites>