<?xml version="1.0" encoding="utf-8"?><testsuites name="pytest tests"><testsuite name="pytest" errors="0" failures="0" skipped="0" tests="10" time="30.031" timestamp="2026-08-31T09:52:12.012767+00:00" hostname="agent-env-ecb5bc98-a989-473d-a347-265d0c113d47"><testcase classname="tests.test_iteration8_simulated_attribution.TestRealCaseAttribution" name="test_real_case_closed_naturally_with_no_attribution" time="0.291" /><testcase classname="tests.test_iteration8_simulated_attribution.TestRealCaseAttribution" name="test_replay_shows_closure_with_no_attribution" time="0.232" /><testcase classname="tests.test_iteration8_simulated_attribution.TestMetricsIntegrity" name="test_natural_recovery_not_in_verified_net_recovery" time="0.509" /><testcase classname="tests.test_iteration8_simulated_attribution.TestMetricsIntegrity" name="test_verified_gross_equals_sum_of_verified_case_amounts" time="0.347" /><testcase classname="tests.test_iteration8_simulated_attribution.TestMetricsIntegrity" name="test_verified_net_recovery_unchanged_by_repeat_verification" time="0.702" /><testcase classname="tests.test_iteration8_simulated_attribution" name="test_lab_simulated_action_never_earns_attribution[late-success]" time="11.024" /><testcase classname="tests.test_iteration8_simulated_attribution" name="test_lab_simulated_action_never_earns_attribution[replacement-payment]" time="7.097" /><testcase classname="tests.test_iteration8_simulated_attribution" name="test_manual_execute_then_settlement_no_attribution" time="9.546" /><testcase classname="tests.test_iteration8_simulated_attribution.TestDiagnosticsSafety" name="test_diagnostics_masked_only" time="0.112" /><testcase classname="tests.test_iteration8_simulated_attribution.TestDiagnosticsSafety" name="test_diagnostics_requires_auth" time="0.094" /></testsuite></testsuites>