<?xml version="1.0" encoding="utf-8"?><testsuites name="pytest tests"><testsuite name="pytest" errors="0" failures="0" skipped="0" tests="12" time="2.208" timestamp="2026-08-31T14:25:28.697102+00:00" hostname="agent-env-ecb5bc98-a989-473d-a347-265d0c113d47"><testcase classname="tests.test_iteration9_phase15_probe.TestResendEndpoints" name="test_resend_status" time="0.290" /><testcase classname="tests.test_iteration9_phase15_probe.TestPublicRetryEndpoints" name="test_random_token_get_404" time="0.462" /><testcase classname="tests.test_iteration9_phase15_probe.TestResendEndpoints" name="test_resend_diagnostics_masked" time="0.119" /><testcase classname="tests.test_iteration9_phase15_probe.TestResendEndpoints" name="test_resend_status_unauthenticated" time="0.169" /><testcase classname="tests.test_iteration9_phase15_probe.TestPublicRetryEndpoints" name="test_random_token_complete_404" time="0.098" /><testcase classname="tests.test_iteration9_phase15_probe.TestPublicRetryEndpoints" name="test_complete_missing_fields_400" time="0.159" /><testcase classname="tests.test_iteration9_phase15_probe.TestResendEndpoints" name="test_resend_diagnostics_unauthenticated" time="0.085" /><testcase classname="tests.test_iteration9_phase15_probe.TestResendEndpoints" name="test_resend_config_unauthenticated" time="0.139" /><testcase classname="tests.test_iteration9_phase15_probe.TestPublicRetryEndpoints" name="test_real_token_get_exposes_no_secret" time="0.137" /><testcase classname="tests.test_iteration9_phase15_probe.TestIdempotentCompletion" name="test_duplicate_completion_no_extra_audit" time="0.232" /><testcase classname="tests.test_iteration9_phase15_probe.TestPublicRetryEndpoints" name="test_invalid_signature_rejected_and_not_linked" time="0.102" /><testcase classname="tests.test_iteration9_phase15_probe.TestPublicRetryEndpoints" name="test_order_mismatch_rejected" time="0.144" /></testsuite></testsuites>