<?xml version="1.0" encoding="utf-8"?><testsuites name="pytest tests"><testsuite name="pytest" errors="0" failures="1" skipped="0" tests="41" time="3.624" timestamp="2026-08-28T14:29:39.014186+00:00" hostname="agent-env-ecb5bc98-a989-473d-a347-265d0c113d47"><testcase classname="tests.test_dashboard_overhaul.TestCases" name="test_titles_human_readable" time="0.530" /><testcase classname="tests.test_dashboard_overhaul.TestFunnel" name="test_monotonic_non_increasing" time="0.492" /><testcase classname="tests.test_dashboard_overhaul.TestFunnel" name="test_side_stats_and_meta" time="0.000" /><testcase classname="tests.test_dashboard_overhaul.TestFunnel" name="test_stage_filter_count_matches_funnel[detected]" time="0.260" /><testcase classname="tests.test_dashboard_overhaul.TestCases" name="test_source_filter" time="0.333" /><testcase classname="tests.test_dashboard_overhaul.TestFunnel" name="test_stage_filter_count_matches_funnel[eligible]" time="0.200" /><testcase classname="tests.test_dashboard_overhaul.TestCases" name="test_source_filter_empty_state" time="0.108" /><testcase classname="tests.test_dashboard_overhaul.TestFunnel" name="test_stage_filter_count_matches_funnel[evaluated]" time="0.191" /><testcase classname="tests.test_dashboard_overhaul.TestCases" name="test_sorting[newest]" time="0.146" /><testcase classname="tests.test_dashboard_overhaul.TestCases" name="test_sorting[oldest]" time="0.115" /><testcase classname="tests.test_dashboard_overhaul.TestFunnel" name="test_stage_filter_count_matches_funnel[policy_decided]" time="0.170" /><testcase classname="tests.test_dashboard_overhaul.TestCases" name="test_sorting[amount_desc]" time="0.096"><failure message="assert [1200.0, 1200..., 1200.0, ...] == [75000.0, 750... 75000.0, ...]&#10;  &#10;  At index 0 diff: 1200.0 != 75000.0&#10;  Use -v to get more diff">self = &lt;test_dashboard_overhaul.TestCases object at 0xffe4478fad90&gt;
client = &lt;requests.sessions.Session object at 0xffe4478d7010&gt;
sort = 'amount_desc'

    @pytest.mark.parametrize("sort", ["newest", "oldest", "amount_desc", "amount_asc"])
    def test_sorting(self, client, sort):
        r = client.get(f"{BASE_URL}/api/cases", params={"sort": sort, "limit": 100}, timeout=120)
        assert r.status_code == 200
        cases = r.json()["cases"]
        assert len(cases) &gt; 1
        if sort == "newest":
            keys = [c["created_at"] for c in cases]
            assert keys == sorted(keys, reverse=True)
        elif sort == "oldest":
            keys = [c["created_at"] for c in cases]
            assert keys == sorted(keys)
        elif sort == "amount_desc":
            amounts = [float(c["amount_at_risk"] or 0) for c in cases]
&gt;           assert amounts == sorted(amounts, reverse=True)
E           assert [1200.0, 1200..., 1200.0, ...] == [75000.0, 750... 75000.0, ...]
E             
E             At index 0 diff: 1200.0 != 75000.0
E             Use -v to get more diff

tests/test_dashboard_overhaul.py:252: AssertionError</failure></testcase><testcase classname="tests.test_dashboard_overhaul.TestFunnel" name="test_stage_filter_count_matches_funnel[ready]" time="0.139" /><testcase classname="tests.test_dashboard_overhaul.TestCases" name="test_sorting[amount_asc]" time="0.108" /><testcase classname="tests.test_dashboard_overhaul.TestFunnel" name="test_stage_filter_count_matches_funnel[executed]" time="0.153" /><testcase classname="tests.test_dashboard_overhaul.TestCases" name="test_search_by_order_key" time="0.185" /><testcase classname="tests.test_dashboard_overhaul.TestFunnel" name="test_stage_filter_count_matches_funnel[verifying]" time="0.167" /><testcase classname="tests.test_dashboard_overhaul.TestCases" name="test_policy_and_status_filters" time="0.190" /><testcase classname="tests.test_dashboard_overhaul.TestFunnel" name="test_stage_filter_count_matches_funnel[recovered]" time="0.084" /><testcase classname="tests.test_dashboard_overhaul.TestCharts" name="test_timeseries_per_currency_strict" time="0.083" /><testcase classname="tests.test_dashboard_overhaul.TestFunnel" name="test_recovered_stage_all_verified" time="0.102" /><testcase classname="tests.test_dashboard_overhaul.TestCharts" name="test_days_param_controls_length" time="0.270" /><testcase classname="tests.test_dashboard_overhaul.TestFunnel" name="test_side_stage_filters[stopped-STOPPED]" time="0.091" /><testcase classname="tests.test_dashboard_overhaul.TestFunnel" name="test_side_stage_filters[invalid-INVALID]" time="0.102" /><testcase classname="tests.test_dashboard_overhaul.TestFunnel" name="test_blocked_stage_filter" time="0.080" /><testcase classname="tests.test_dashboard_overhaul.TestCharts" name="test_failure_reasons_humanized" time="0.000" /><testcase classname="tests.test_dashboard_overhaul.TestCharts" name="test_sources_taxonomy" time="0.000" /><testcase classname="tests.test_dashboard_overhaul.TestCharts" name="test_cases_by_status_totals_detected" time="0.000" /><testcase classname="tests.test_dashboard_overhaul.TestCharts" name="test_recovery_by_action_currency_separated" time="0.000" /><testcase classname="tests.test_dashboard_overhaul.TestCharts" name="test_attributed_action_filter" time="0.087" /><testcase classname="tests.test_dashboard_overhaul.TestFunnel" name="test_at_risk_stage_matches_kpi" time="0.153" /><testcase classname="tests.test_dashboard_overhaul.TestCharts" name="test_policy_activity_from_audit_trail" time="0.000" /><testcase classname="tests.test_dashboard_overhaul.TestCostLedger" name="test_ledger_matches_kpi_costs" time="0.075" /><testcase classname="tests.test_dashboard_overhaul.TestCostLedger" name="test_ledger_requires_auth" time="0.266" /><testcase classname="tests.test_dashboard_overhaul.TestKpis" name="test_money_maps_are_per_currency" time="0.000" /><testcase classname="tests.test_dashboard_overhaul.TestKpis" name="test_net_equals_gross_minus_costs" time="0.000" /><testcase classname="tests.test_dashboard_overhaul.TestKpis" name="test_recovery_rate_formula" time="0.000" /><testcase classname="tests.test_dashboard_overhaul.TestKpis" name="test_at_risk_sum_matches_cases" time="0.144" /><testcase classname="tests.test_dashboard_overhaul.TestKpis" name="test_exceptions_open_matches_review_queue" time="0.090" /><testcase classname="tests.test_dashboard_overhaul.TestConfidence" name="test_no_fake_confidence_on_heuristic_cases" time="0.156" /><testcase classname="tests.test_dashboard_overhaul.TestConfidence" name="test_review_queue_no_bare_50pct" time="0.081" /></testsuite></testsuites>