<?xml version="1.0" encoding="utf-8"?><testsuites name="pytest tests"><testsuite name="pytest" errors="0" failures="3" skipped="0" tests="47" time="138.246" timestamp="2026-08-29T08:32:14.709875+00:00" hostname="agent-env-ecb5bc98-a989-473d-a347-265d0c113d47"><testcase classname="tests.test_phase1_public_review.TestWebhookSecurity" name="test_valid_signed_failed_payment_creates_case" time="7.430" /><testcase classname="tests.test_phase1_public_review.TestWebhookSecurity" name="test_duplicate_event_id_no_double_case" time="7.416" /><testcase classname="tests.test_phase1_public_review.TestWebhookSecurity" name="test_forged_signature_rejected_and_logged" time="0.095" /><testcase classname="tests.test_phase1_public_review.TestWebhookSecurity" name="test_missing_signature_header_rejected" time="0.103" /><testcase classname="tests.test_phase1_public_review.TestWebhookSecurity" name="test_malformed_json_valid_signature_400" time="0.099" /><testcase classname="tests.test_phase1_public_review.TestWebhookSecurity" name="test_unknown_event_type_ignored" time="0.106" /><testcase classname="tests.test_phase1_public_review.TestWebhookSecurity" name="test_out_of_order_captured_before_authorized" time="0.211" /><testcase classname="tests.test_phase1_public_review.TestWebhookSecurity" name="test_order_paid_natural_recovery_not_attributed" time="8.769" /><testcase classname="tests.test_phase1_public_review.TestWebhookSecurity" name="test_oversized_payload_rejected" time="0.458" /><testcase classname="tests.test_phase1_public_review.TestAttribution" name="test_no_action_late_capture_is_natural" time="8.776" /><testcase classname="tests.test_phase1_public_review.TestAttribution" name="test_executed_action_then_capture_is_verified_moderate" time="8.145" /><testcase classname="tests.test_phase1_public_review.TestAttribution" name="test_partial_capture_after_action_partially_recovered" time="7.662" /><testcase classname="tests.test_phase1_public_review.TestAttribution" name="test_monitoring_action_never_earns_attribution" time="9.340"><failure message="AssertionError: monitoring action earned attribution: status=VERIFIED_RECOVERED attributed_action=SCHEDULED_RECHECK strength=MODERATE recovered_amount=2500.0&#10;assert 'VERIFIED_RECOVERED' == 'NATURALLY_RECOVERED'&#10;  &#10;  - NATURALLY_RECOVERED&#10;  + VERIFIED_RECOVERED">E   AssertionError: monitoring action earned attribution: status=VERIFIED_RECOVERED attributed_action=SCHEDULED_RECHECK strength=MODERATE recovered_amount=2500.0
    assert 'VERIFIED_RECOVERED' == 'NATURALLY_RECOVERED'
      
      - NATURALLY_RECOVERED
      + VERIFIED_RECOVERED</failure></testcase><testcase classname="tests.test_phase1_public_review.TestAttribution" name="test_escalate_human_never_earns_attribution" time="8.628"><failure message="AssertionError: control action earned attribution: status=VERIFIED_RECOVERED attributed_action=ESCALATE_HUMAN recovered_amount=2500.0&#10;assert 'VERIFIED_RECOVERED' == 'NATURALLY_RECOVERED'&#10;  &#10;  - NATURALLY_RECOVERED&#10;  + VERIFIED_RECOVERED">E   AssertionError: control action earned attribution: status=VERIFIED_RECOVERED attributed_action=ESCALATE_HUMAN recovered_amount=2500.0
    assert 'VERIFIED_RECOVERED' == 'NATURALLY_RECOVERED'
      
      - NATURALLY_RECOVERED
      + VERIFIED_RECOVERED</failure></testcase><testcase classname="tests.test_phase1_public_review.TestIntegrationsApi" name="test_list_masks_secrets" time="0.095" /><testcase classname="tests.test_phase1_public_review.TestIntegrationsApi" name="test_health_counts_match_mongo" time="0.107" /><testcase classname="tests.test_phase1_public_review.TestIntegrationsApi" name="test_live_key_rejected" time="0.097" /><testcase classname="tests.test_phase1_public_review.TestIntegrationsApi" name="test_live_mode_rejected" time="0.094" /><testcase classname="tests.test_phase1_public_review.TestIntegrationsApi" name="test_missing_fields_rejected" time="0.122" /><testcase classname="tests.test_phase1_public_review.TestIntegrationsApi" name="test_save_valid_test_config_and_persist" time="0.105" /><testcase classname="tests.test_phase1_public_review.TestIntegrationsApi" name="test_test_connection_honest_error_with_dummy_keys" time="0.904" /><testcase classname="tests.test_phase1_public_review.TestIntegrationsApi" name="test_unauthenticated_blocked" time="0.096" /><testcase classname="tests.test_phase1_public_review.TestIntegrationsApi" name="test_analyst_forbidden_on_owner_endpoints" time="0.324" /><testcase classname="tests.test_phase1_public_review.TestIntegrationsApi" name="test_provider_events_endpoint" time="0.093" /><testcase classname="tests.test_phase1_public_review.TestIntegrationsApi" name="test_verification_sweep_does_not_claim_recovery" time="0.656" /><testcase classname="tests.test_phase1_public_review.TestTestLab" name="test_lab_scenario[valid-payment-failed]" time="8.740" /><testcase classname="tests.test_phase1_public_review.TestTestLab" name="test_lab_scenario[valid-payment-captured]" time="0.138" /><testcase classname="tests.test_phase1_public_review.TestTestLab" name="test_lab_scenario[valid-order-paid]" time="10.404" /><testcase classname="tests.test_phase1_public_review.TestTestLab" name="test_lab_scenario[duplicate-event]" time="8.422" /><testcase classname="tests.test_phase1_public_review.TestTestLab" name="test_lab_scenario[invalid-signature]" time="0.172" /><testcase classname="tests.test_phase1_public_review.TestTestLab" name="test_lab_scenario[out-of-order]" time="0.107" /><testcase classname="tests.test_phase1_public_review.TestTestLab" name="test_lab_scenario[late-success]" time="7.759" /><testcase classname="tests.test_phase1_public_review.TestTestLab" name="test_lab_scenario[replacement-payment]" time="6.980" /><testcase classname="tests.test_phase1_public_review.TestTestLab" name="test_lab_scenario[partial-payment]" time="7.715" /><testcase classname="tests.test_phase1_public_review.TestTestLab" name="test_lab_scenario[unknown-event]" time="0.137" /><testcase classname="tests.test_phase1_public_review.TestTestLab" name="test_lab_scenario[malformed-payload]" time="0.100" /><testcase classname="tests.test_phase1_public_review.TestTestLab" name="test_lab_scenario[replayed-old-event]" time="0.117" /><testcase classname="tests.test_phase1_public_review.TestTestLab" name="test_unknown_scenario_404" time="0.106" /><testcase classname="tests.test_phase1_public_review.TestLifecycle" name="test_disconnect_makes_webhook_503_then_reconfigure" time="7.930" /><testcase classname="tests.test_phase1_public_review.TestDashboardSources" name="test_source_summary_includes_test_mode" time="0.206" /><testcase classname="tests.test_phase1_public_review.TestDashboardSources" name="test_case_source_filter[TEST_MODE]" time="0.110" /><testcase classname="tests.test_phase1_public_review.TestDashboardSources" name="test_case_source_filter[SIMULATED]" time="0.168" /><testcase classname="tests.test_phase1_public_review.TestDashboardSources" name="test_case_source_filter[IMPORTED]" time="0.180" /><testcase classname="tests.test_phase1_public_review.TestDashboardSources" name="test_test_mode_case_detail_has_provider_lineage" time="0.203"><failure message="AssertionError: WEBHOOK_RECEIVED missing from audit trail&#10;assert 'WEBHOOK_RECEIVED' in '[{&quot;event_id&quot;: &quot;evt_6ada00fd267b&quot;, &quot;case_id&quot;: &quot;case_0801be395ec1&quot;, &quot;timestamp&quot;: &quot;2026-08-29T08:34:07.620152+00:00&quot;, &quot;a...: &quot;pay_LABa0a180B&quot;, &quot;source&quot;: &quot;RAZORPAY_TEST&quot;, &quot;success_timestamp&quot;: &quot;2026-08-29T08:34:07+00:00&quot;, &quot;simulated&quot;: false}}]'">E   AssertionError: WEBHOOK_RECEIVED missing from audit trail
    assert 'WEBHOOK_RECEIVED' in '[{"event_id": "evt_6ada00fd267b", "case_id": "case_0801be395ec1", "timestamp": "2026-08-29T08:34:07.620152+00:00", "a...: "pay_LABa0a180B", "source": "RAZORPAY_TEST", "success_timestamp": "2026-08-29T08:34:07+00:00", "simulated": false}}]'</failure></testcase><testcase classname="tests.test_phase1_public_review.TestRegressionSanity" name="test_review_queue" time="0.112" /><testcase classname="tests.test_phase1_public_review.TestRegressionSanity" name="test_simulator_scenario" time="8.240" /><testcase classname="tests.test_phase1_public_review.TestRegressionSanity" name="test_webhook_config_exposes_no_secret" time="0.130" /></testsuite></testsuites>