<?xml version="1.0" encoding="utf-8"?><testsuites name="pytest tests"><testsuite name="pytest" errors="0" failures="0" skipped="0" tests="129" time="114.824" timestamp="2026-08-29T08:23:52.922461+00:00" hostname="agent-env-ecb5bc98-a989-473d-a347-265d0c113d47"><testcase classname="tests.test_core" name="test_normalize_status" time="0.000" /><testcase classname="tests.test_core" name="test_compute_eiv" time="0.000" /><testcase classname="tests.test_core" name="test_policy_allows_clean_action" time="0.000" /><testcase classname="tests.test_core" name="test_policy_retry_limit" time="0.000" /><testcase classname="tests.test_core" name="test_policy_cooldown" time="0.000" /><testcase classname="tests.test_core" name="test_policy_blocks_when_case_closed" time="0.000" /><testcase classname="tests.test_core" name="test_policy_emergency_stop" time="0.000" /><testcase classname="tests.test_core" name="test_policy_window_expired" time="0.000" /><testcase classname="tests.test_core" name="test_policy_high_amount_requires_approval" time="0.000" /><testcase classname="tests.test_core" name="test_policy_low_confidence_requires_approval" time="0.000" /><testcase classname="tests.test_core" name="test_policy_duplicate_pending" time="0.000" /><testcase classname="tests.test_core" name="test_policy_max_cost_cap" time="0.000" /><testcase classname="tests.test_core" name="test_policy_unknown_action_blocked" time="0.000" /><testcase classname="tests.test_core" name="test_policy_do_not_contact" time="0.000" /><testcase classname="tests.test_core" name="test_heuristic_natural_recovery_bounds" time="0.000" /><testcase classname="tests.test_core" name="test_heuristic_soft_beats_hard_decline" time="0.000" /><testcase classname="tests.test_core" name="test_signature_roundtrip" time="0.000" /><testcase classname="tests.test_core" name="test_validate_and_normalize_counts" time="0.003" /><testcase classname="tests.test_core" name="test_suggest_mapping_synonyms" time="0.000" /><testcase classname="tests.test_core" name="test_engine_full_loop_and_double_counting" time="0.190" /><testcase classname="tests.test_razorpay" name="test_a_valid_webhook" time="10.831" /><testcase classname="tests.test_core" name="test_engine_natural_recovery_no_case" time="0.056" /><testcase classname="tests.test_dashboard_overhaul.TestFunnel" name="test_monotonic_non_increasing" time="1.493" /><testcase classname="tests.test_dashboard_overhaul.TestFunnel" name="test_side_stats_and_meta" time="0.000" /><testcase classname="tests.test_dashboard_overhaul.TestFunnel" name="test_stage_filter_count_matches_funnel[detected]" time="0.178" /><testcase classname="tests.test_dashboard_overhaul.TestFunnel" name="test_stage_filter_count_matches_funnel[eligible]" time="0.157" /><testcase classname="tests.test_dashboard_overhaul.TestFunnel" name="test_stage_filter_count_matches_funnel[evaluated]" time="0.158" /><testcase classname="tests.test_dashboard_overhaul.TestFunnel" name="test_stage_filter_count_matches_funnel[policy_decided]" time="0.142" /><testcase classname="tests.test_dashboard_overhaul.TestFunnel" name="test_stage_filter_count_matches_funnel[ready]" time="0.118" /><testcase classname="tests.test_dashboard_overhaul.TestFunnel" name="test_stage_filter_count_matches_funnel[executed]" time="0.132" /><testcase classname="tests.test_dashboard_overhaul.TestFunnel" name="test_stage_filter_count_matches_funnel[verifying]" time="0.106" /><testcase classname="tests.test_dashboard_overhaul.TestFunnel" name="test_stage_filter_count_matches_funnel[recovered]" time="0.057" /><testcase classname="tests.test_dashboard_overhaul.TestFunnel" name="test_recovered_stage_all_verified" time="0.066" /><testcase classname="tests.test_dashboard_overhaul.TestFunnel" name="test_side_stage_filters[stopped-STOPPED]" time="0.049" /><testcase classname="tests.test_dashboard_overhaul.TestFunnel" name="test_side_stage_filters[invalid-INVALID]" time="0.057" /><testcase classname="tests.test_dashboard_overhaul.TestFunnel" name="test_blocked_stage_filter" time="0.063" /><testcase classname="tests.test_dashboard_overhaul.TestFunnel" name="test_at_risk_stage_matches_kpi" time="0.104" /><testcase classname="tests.backend_test" name="test_auth_me" time="0.104" /><testcase classname="tests.backend_test" name="test_protected_endpoints_require_auth[/api/cases]" time="0.099" /><testcase classname="tests.backend_test" name="test_protected_endpoints_require_auth[/api/dashboard/summary]" time="0.043" /><testcase classname="tests.backend_test" name="test_protected_endpoints_require_auth[/api/review/queue]" time="0.042" /><testcase classname="tests.backend_test" name="test_protected_endpoints_require_auth[/api/settings]" time="0.048" /><testcase classname="tests.backend_test" name="test_protected_endpoints_require_auth[/api/ingest/batches]" time="0.042" /><testcase classname="tests.backend_test" name="test_bad_token_rejected" time="0.043" /><testcase classname="tests.backend_test" name="test_dashboard_summary" time="0.068" /><testcase classname="tests.backend_test" name="test_webhook_bad_signature_401" time="0.048" /><testcase classname="tests.backend_test" name="test_webhook_missing_signature_rejected" time="0.042" /><testcase classname="tests.backend_test" name="test_webhook_config_and_events" time="0.092" /><testcase classname="tests.backend_test" name="test_invalid_signature_test_endpoint" time="0.046" /><testcase classname="tests.test_dashboard_overhaul.TestCases" name="test_titles_human_readable" time="0.271" /><testcase classname="tests.test_dashboard_overhaul.TestCases" name="test_source_filter" time="0.287" /><testcase classname="tests.test_dashboard_overhaul.TestCases" name="test_source_filter_empty_state" time="0.087" /><testcase classname="tests.test_dashboard_overhaul.TestCases" name="test_sorting[newest]" time="0.071" /><testcase classname="tests.test_dashboard_overhaul.TestCases" name="test_sorting[oldest]" time="0.072" /><testcase classname="tests.test_dashboard_overhaul.TestCases" name="test_sorting[amount_desc]" time="0.068" /><testcase classname="tests.test_dashboard_overhaul.TestCases" name="test_sorting[amount_asc]" time="0.071" /><testcase classname="tests.test_dashboard_overhaul.TestCases" name="test_search_by_order_key" time="0.087" /><testcase classname="tests.test_dashboard_overhaul.TestCases" name="test_policy_and_status_filters" time="0.096" /><testcase classname="tests.test_dashboard_overhaul.TestCharts" name="test_timeseries_per_currency_strict" time="0.059" /><testcase classname="tests.test_dashboard_overhaul.TestCharts" name="test_days_param_controls_length" time="0.201" /><testcase classname="tests.test_dashboard_overhaul.TestCharts" name="test_failure_reasons_humanized" time="0.000" /><testcase classname="tests.test_dashboard_overhaul.TestCharts" name="test_sources_taxonomy" time="0.000" /><testcase classname="tests.test_dashboard_overhaul.TestCharts" name="test_cases_by_status_totals_detected" time="0.000" /><testcase classname="tests.test_dashboard_overhaul.TestCharts" name="test_recovery_by_action_currency_separated" time="0.000" /><testcase classname="tests.test_dashboard_overhaul.TestCharts" name="test_attributed_action_filter" time="0.046" /><testcase classname="tests.test_dashboard_overhaul.TestCharts" name="test_policy_activity_from_audit_trail" time="0.000" /><testcase classname="tests.test_metrics" name="test_case_title_priority" time="0.000" /><testcase classname="tests.test_metrics" name="test_source_taxonomy" time="0.000" /><testcase classname="tests.test_metrics" name="test_why_at_risk_humanized" time="0.000" /><testcase classname="tests.test_metrics" name="test_funnel_monotonic_and_strict" time="0.000" /><testcase classname="tests.test_metrics" name="test_funnel_verifying_never_exceeds_executed" time="0.000" /><testcase classname="tests.test_metrics" name="test_recovery_rate_known_final_denominator" time="0.000" /><testcase classname="tests.test_metrics" name="test_recovery_rate_insufficient_data" time="0.000" /><testcase classname="tests.test_metrics" name="test_policy_requires_approval_when_confidence_unavailable" time="0.000" /><testcase classname="tests.backend_test.TestIngestion" name="test_upload_and_mapping" time="5.005" /><testcase classname="tests.backend_test.TestIngestion" name="test_confirm_completes_within_gateway_timeout" time="0.045" /><testcase classname="tests.backend_test.TestIngestion" name="test_validation_report_counts" time="25.301" /><testcase classname="tests.test_razorpay" name="test_b_invalid_signature" time="0.005" /><testcase classname="tests.test_razorpay" name="test_c_duplicate_event" time="9.026" /><testcase classname="tests.test_razorpay" name="test_d_triple_duplicate" time="8.925" /><testcase classname="tests.test_razorpay" name="test_e_failed_payment_risk_case" time="8.978" /><testcase classname="tests.backend_test.TestIngestion" name="test_reimport_blocked" time="0.045" /><testcase classname="tests.backend_test.TestIngestion" name="test_natural_recovery_orders_not_at_risk" time="0.099" /><testcase classname="tests.backend_test.TestIngestion" name="test_no_double_counting" time="0.045" /><testcase classname="tests.backend_test.TestIngestion" name="test_high_value_case_awaits_approval" time="0.109" /><testcase classname="tests.backend_test.TestSimulator" name="test_simulate_failed_event" time="7.497" /><testcase classname="tests.test_razorpay" name="test_f_natural_recovery_not_attributed" time="8.574" /><testcase classname="tests.backend_test.TestSimulator" name="test_simulate_bad_status" time="0.046" /><testcase classname="tests.backend_test.TestSimulator" name="test_scenario_1_no_case" time="0.055" /><testcase classname="tests.backend_test.TestSimulator" name="test_scenario_2_verified" time="7.129" /><testcase classname="tests.test_razorpay" name="test_g_failed_then_order_paid" time="9.750" /><testcase classname="tests.backend_test.TestSimulator" name="test_scenario_4_policy_block" time="9.546" /><testcase classname="tests.test_razorpay" name="test_h_captured_before_authorized" time="0.016" /><testcase classname="tests.test_razorpay" name="test_i_order_paid_before_payment" time="0.015" /><testcase classname="tests.test_razorpay" name="test_j_failed_no_replacement" time="8.937" /><testcase classname="tests.backend_test.TestSimulator" name="test_scenario_5_duplicate_blocked" time="10.638" /><testcase classname="tests.test_razorpay" name="test_k_multiple_failures_one_case" time="8.866" /><testcase classname="tests.backend_test.TestSimulator" name="test_unknown_scenario" time="0.047" /><testcase classname="tests.test_dashboard_overhaul.TestKpis" name="test_money_maps_are_per_currency" time="0.188" /><testcase classname="tests.test_dashboard_overhaul.TestKpis" name="test_net_equals_gross_minus_costs" time="0.000" /><testcase classname="tests.test_dashboard_overhaul.TestKpis" name="test_recovery_rate_formula" time="0.000" /><testcase classname="tests.test_dashboard_overhaul.TestKpis" name="test_at_risk_sum_matches_cases" time="0.114" /><testcase classname="tests.test_dashboard_overhaul.TestKpis" name="test_exceptions_open_matches_review_queue" time="0.062" /><testcase classname="tests.backend_test.TestCaseDetail" name="test_case_detail_shape" time="0.151" /><testcase classname="tests.backend_test.TestCaseDetail" name="test_case_not_found" time="0.044" /><testcase classname="tests.backend_test.TestCaseDetail" name="test_replay" time="0.147" /><testcase classname="tests.backend_test.TestCaseDetail" name="test_filters" time="0.106" /><testcase classname="tests.backend_test.TestReviewAndVerification" name="test_approve_high_value_case_executes_simulated" time="0.156" /><testcase classname="tests.backend_test.TestReviewAndVerification" name="test_reject_pending_case" time="0.108" /><testcase classname="tests.backend_test.TestReviewAndVerification" name="test_invalid_review_decision" time="0.146" /><testcase classname="tests.backend_test.TestReviewAndVerification" name="test_verification_stays_pending_without_success" time="8.269" /><testcase classname="tests.test_razorpay" name="test_l_replacement_success" time="7.306" /><testcase classname="tests.test_regression3" name="test_auth_me" time="0.122" /><testcase classname="tests.test_regression3" name="test_ingest_report_lists_duplicate_rows" time="32.776" /><testcase classname="tests.test_razorpay" name="test_m_partial_payment" time="7.945" /><testcase classname="tests.test_razorpay" name="test_n_multiple_successes" time="9.891" /><testcase classname="tests.test_razorpay" name="test_o_unknown_event" time="0.006" /><testcase classname="tests.test_razorpay" name="test_p_malformed_payload" time="0.003" /><testcase classname="tests.test_razorpay" name="test_q_provider_timeout" time="0.001" /><testcase classname="tests.test_razorpay" name="test_r_retry_idempotent" time="0.010" /><testcase classname="tests.test_razorpay" name="test_s_replayed_old_event" time="0.014" /><testcase classname="tests.test_razorpay" name="test_t_concurrent_same_event" time="0.011" /><testcase classname="tests.test_dashboard_overhaul.TestCostLedger" name="test_ledger_matches_kpi_costs" time="0.281" /><testcase classname="tests.test_dashboard_overhaul.TestCostLedger" name="test_ledger_requires_auth" time="0.100" /><testcase classname="tests.test_dashboard_overhaul.TestConfidence" name="test_no_fake_confidence_on_heuristic_cases" time="0.192" /><testcase classname="tests.test_dashboard_overhaul.TestConfidence" name="test_review_queue_no_bare_50pct" time="0.077" /><testcase classname="tests.backend_test.TestEmergencyStop" name="test_emergency_stop_forces_stop_decision" time="8.153" /><testcase classname="tests.test_regression3" name="test_dashboard_and_cases" time="0.178" /><testcase classname="tests.test_regression3" name="test_invalid_signature_endpoint" time="0.045" /></testsuite></testsuites>