<?xml version="1.0" encoding="utf-8"?><testsuites name="pytest tests"><testsuite name="pytest" errors="0" failures="0" skipped="0" tests="56" time="58.161" timestamp="2026-08-28T09:12:30.108835+00:00" hostname="agent-env-ecb5bc98-a989-473d-a347-265d0c113d47"><testcase classname="tests.backend_test" name="test_auth_me" time="0.297" /><testcase classname="tests.test_core" name="test_normalize_status" time="0.000" /><testcase classname="tests.test_core" name="test_compute_eiv" time="0.000" /><testcase classname="tests.test_core" name="test_policy_allows_clean_action" time="0.000" /><testcase classname="tests.test_core" name="test_policy_retry_limit" time="0.000" /><testcase classname="tests.test_core" name="test_policy_cooldown" time="0.000" /><testcase classname="tests.test_core" name="test_policy_blocks_when_case_closed" time="0.000" /><testcase classname="tests.test_core" name="test_policy_emergency_stop" time="0.000" /><testcase classname="tests.test_core" name="test_policy_window_expired" time="0.000" /><testcase classname="tests.test_core" name="test_policy_high_amount_requires_approval" time="0.000" /><testcase classname="tests.test_core" name="test_policy_low_confidence_requires_approval" time="0.000" /><testcase classname="tests.test_core" name="test_policy_duplicate_pending" time="0.000" /><testcase classname="tests.test_core" name="test_policy_max_cost_cap" time="0.000" /><testcase classname="tests.test_core" name="test_policy_unknown_action_blocked" time="0.000" /><testcase classname="tests.test_core" name="test_policy_do_not_contact" time="0.000" /><testcase classname="tests.test_core" name="test_heuristic_natural_recovery_bounds" time="0.000" /><testcase classname="tests.test_core" name="test_heuristic_soft_beats_hard_decline" time="0.000" /><testcase classname="tests.test_core" name="test_signature_roundtrip" time="0.000" /><testcase classname="tests.test_core" name="test_validate_and_normalize_counts" time="0.004" /><testcase classname="tests.test_core" name="test_suggest_mapping_synonyms" time="0.000" /><testcase classname="tests.test_core" name="test_engine_full_loop_and_double_counting" time="0.119" /><testcase classname="tests.test_core" name="test_engine_natural_recovery_no_case" time="0.005" /><testcase classname="tests.backend_test.TestIngestion" name="test_upload_and_mapping" time="4.131" /><testcase classname="tests.backend_test" name="test_protected_endpoints_require_auth[/api/cases]" time="0.099" /><testcase classname="tests.backend_test" name="test_protected_endpoints_require_auth[/api/dashboard/summary]" time="0.051" /><testcase classname="tests.backend_test" name="test_protected_endpoints_require_auth[/api/review/queue]" time="0.044" /><testcase classname="tests.backend_test" name="test_protected_endpoints_require_auth[/api/settings]" time="0.057" /><testcase classname="tests.backend_test" name="test_protected_endpoints_require_auth[/api/ingest/batches]" time="0.045" /><testcase classname="tests.backend_test" name="test_bad_token_rejected" time="0.049" /><testcase classname="tests.backend_test" name="test_dashboard_summary" time="0.075" /><testcase classname="tests.backend_test" name="test_webhook_bad_signature_401" time="0.045" /><testcase classname="tests.backend_test" name="test_webhook_missing_signature_rejected" time="0.053" /><testcase classname="tests.backend_test" name="test_webhook_config_and_events" time="0.135" /><testcase classname="tests.backend_test" name="test_invalid_signature_test_endpoint" time="0.072" /><testcase classname="tests.backend_test.TestSimulator" name="test_simulate_failed_event" time="7.803" /><testcase classname="tests.backend_test.TestIngestion" name="test_confirm_completes_within_gateway_timeout" time="0.090" /><testcase classname="tests.backend_test.TestIngestion" name="test_validation_report_counts" time="30.546" /><testcase classname="tests.backend_test.TestSimulator" name="test_simulate_bad_status" time="0.068" /><testcase classname="tests.backend_test.TestSimulator" name="test_scenario_1_no_case" time="0.068" /><testcase classname="tests.backend_test.TestSimulator" name="test_scenario_2_verified" time="9.478" /><testcase classname="tests.backend_test.TestSimulator" name="test_scenario_4_policy_block" time="9.611" /><testcase classname="tests.backend_test.TestSimulator" name="test_scenario_5_duplicate_blocked" time="19.505" /><testcase classname="tests.backend_test.TestIngestion" name="test_reimport_blocked" time="0.083" /><testcase classname="tests.backend_test.TestIngestion" name="test_natural_recovery_orders_not_at_risk" time="0.152" /><testcase classname="tests.backend_test.TestIngestion" name="test_no_double_counting" time="0.064" /><testcase classname="tests.backend_test.TestIngestion" name="test_high_value_case_awaits_approval" time="0.162" /><testcase classname="tests.backend_test.TestReviewAndVerification" name="test_approve_high_value_case_executes_simulated" time="0.248" /><testcase classname="tests.backend_test.TestReviewAndVerification" name="test_reject_pending_case" time="0.160" /><testcase classname="tests.backend_test.TestReviewAndVerification" name="test_invalid_review_decision" time="0.211" /><testcase classname="tests.backend_test.TestReviewAndVerification" name="test_verification_stays_pending_without_success" time="8.377" /><testcase classname="tests.backend_test.TestEmergencyStop" name="test_emergency_stop_forces_stop_decision" time="12.396" /><testcase classname="tests.backend_test.TestSimulator" name="test_unknown_scenario" time="0.064" /><testcase classname="tests.backend_test.TestCaseDetail" name="test_case_detail_shape" time="0.196" /><testcase classname="tests.backend_test.TestCaseDetail" name="test_case_not_found" time="0.073" /><testcase classname="tests.backend_test.TestCaseDetail" name="test_replay" time="0.188" /><testcase classname="tests.backend_test.TestCaseDetail" name="test_filters" time="0.138" /></testsuite></testsuites>