<?xml version="1.0" encoding="utf-8"?><testsuites name="pytest tests"><testsuite name="pytest" errors="0" failures="0" skipped="0" tests="4" time="44.058" timestamp="2026-08-28T09:26:19.485819+00:00" hostname="agent-env-ecb5bc98-a989-473d-a347-265d0c113d47"><testcase classname="tests.test_regression3" name="test_auth_me" time="0.263" /><testcase classname="tests.test_regression3" name="test_ingest_report_lists_duplicate_rows" time="42.754" /><testcase classname="tests.test_regression3" name="test_dashboard_and_cases" time="0.407" /><testcase classname="tests.test_regression3" name="test_invalid_signature_endpoint" time="0.083" /></testsuite></testsuites>